Max Delay Paths
--------------------------------------------------------------------------------------
Slack (MET) :             0.156ns  (required time - arrival time)
  Source:                 u_sorted_lists/ucode_upt_2_r_reg[u][id][0]/C
                            (rising edge-triggered cell FDRE clocked by clk_generated_clk_wiz_1  {rise@0.000ns fall@2.941ns period=5.882ns})
  Destination:            u_sorted_lists/ucode_upt_3_r_reg[t][e][3][key][20]/D
                            (rising edge-triggered cell FDRE clocked by clk_generated_clk_wiz_1  {rise@0.000ns fall@2.941ns period=5.882ns})
  Path Group:             clk_generated_clk_wiz_1
  Path Type:              Setup (Max at Slow Process Corner)
  Requirement:            5.882ns  (clk_generated_clk_wiz_1 rise@5.882ns - clk_generated_clk_wiz_1 rise@0.000ns)
  Data Path Delay:        5.601ns  (logic 1.947ns (34.761%)  route 3.654ns (65.239%))
  Logic Levels:           12  (CARRY4=5 LUT3=1 LUT4=3 LUT6=3)
  Clock Path Skew:        -0.044ns (DCD - SCD + CPR)
    Destination Clock Delay (DCD):    -1.531ns = ( 4.352 - 5.882 ) 
    Source Clock Delay      (SCD):    -1.081ns
    Clock Pessimism Removal (CPR):    0.406ns
  Clock Uncertainty:      0.113ns  ((TSJ^2 + DJ^2)^1/2) / 2 + PE
    Total System Jitter     (TSJ):    0.071ns
    Discrete Jitter          (DJ):    0.216ns
    Phase Error              (PE):    0.000ns

    Location             Delay type                Incr(ns)  Path(ns)    Netlist Resource(s)
  -------------------------------------------------------------------    -------------------
                         (clock clk_generated_clk_wiz_1 rise edge)
                                                      0.000     0.000 r  
    W30                                               0.000     0.000 r  clk (IN)
                         net (fo=0)                   0.000     0.000    u_clk_gen/inst/clk
    W30                  IBUF (Prop_ibuf_I_O)         0.844     0.844 r  u_clk_gen/inst/clkin1_ibufg/O
                         net (fo=1, routed)           0.974     1.818    u_clk_gen/inst/clk_clk_wiz_1
    MMCME2_ADV_X0Y2      MMCME2_ADV (Prop_mmcme2_adv_CLKIN1_CLKOUT0)
                                                     -5.641    -3.823 r  u_clk_gen/inst/mmcm_adv_inst/CLKOUT0
                         net (fo=1, routed)           1.404    -2.419    u_clk_gen/inst/clk_generated_clk_wiz_1
    BUFGCTRL_X0Y0        BUFG (Prop_bufg_I_O)         0.076    -2.343 r  u_clk_gen/inst/clkout1_buf/O
                         net (fo=2947, routed)        1.262    -1.081    u_sorted_lists/clk_generated
    SLICE_X51Y154        FDRE                                         r  u_sorted_lists/ucode_upt_2_r_reg[u][id][0]/C
  -------------------------------------------------------------------    -------------------
    SLICE_X51Y154        FDRE (Prop_fdre_C_Q)         0.313    -0.768 r  u_sorted_lists/ucode_upt_2_r_reg[u][id][0]/Q
                         net (fo=2, routed)           0.364    -0.404    u_sorted_lists/ucode_upt_2_r_reg[u][id]__0[0]
    SLICE_X50Y154        LUT4 (Prop_lut4_I0_O)        0.212    -0.192 r  u_sorted_lists/ucode_upt_3_r[t][e][3][vld]_i_7/O
                         net (fo=97, routed)          0.514     0.323    u_sorted_lists/ucode_upt_3_r[t][e][3][vld]_i_7_n_0
    SLICE_X52Y154        LUT4 (Prop_lut4_I0_O)        0.097     0.420 r  u_sorted_lists/ucode_upt_3_r[t][e][3][vld]_i_3/O
                         net (fo=320, routed)         0.756     1.176    u_sorted_lists/ucode_upt_3_r[t][e][3][vld]_i_3_n_0
    SLICE_X51Y158        LUT3 (Prop_lut3_I1_O)        0.097     1.273 r  u_sorted_lists/ucode_upt_3_r[t][e][1][vld]_i_153/O
                         net (fo=1, routed)           0.518     1.791    u_sorted_lists/ucode_upt_3_r[t][e][1][vld]_i_153_n_0
    SLICE_X50Y158        LUT6 (Prop_lut6_I1_O)        0.097     1.888 r  u_sorted_lists/ucode_upt_3_r[t][e][1][vld]_i_115/O
                         net (fo=1, routed)           0.000     1.888    u_sorted_lists/ucode_upt_3_r[t][e][1][vld]_i_115_n_0
    SLICE_X50Y158        CARRY4 (Prop_carry4_S[2]_CO[3])
                                                      0.301     2.189 r  u_sorted_lists/ucode_upt_3_r_reg[t][e][1][vld]_i_79/CO[3]
                         net (fo=1, routed)           0.000     2.189    u_sorted_lists/ucode_upt_3_r_reg[t][e][1][vld]_i_79_n_0
    SLICE_X50Y159        CARRY4 (Prop_carry4_CI_CO[3])
                                                      0.089     2.278 r  u_sorted_lists/ucode_upt_3_r_reg[t][e][1][vld]_i_45/CO[3]
                         net (fo=1, routed)           0.000     2.278    u_sorted_lists/ucode_upt_3_r_reg[t][e][1][vld]_i_45_n_0
    SLICE_X50Y160        CARRY4 (Prop_carry4_CI_CO[3])
                                                      0.089     2.367 r  u_sorted_lists/ucode_upt_3_r_reg[t][e][1][vld]_i_20/CO[3]
                         net (fo=1, routed)           0.000     2.367    u_sorted_lists/ucode_upt_3_r_reg[t][e][1][vld]_i_20_n_0
    SLICE_X50Y161        CARRY4 (Prop_carry4_CI_CO[3])
                                                      0.089     2.456 r  u_sorted_lists/ucode_upt_3_r_reg[t][e][1][vld]_i_9/CO[3]
                         net (fo=1, routed)           0.000     2.456    u_sorted_lists/ucode_upt_3_r_reg[t][e][1][vld]_i_9_n_0
    SLICE_X50Y162        CARRY4 (Prop_carry4_CI_CO[1])
                                                      0.120     2.576 r  u_sorted_lists/ucode_upt_3_r_reg[t][e][1][vld]_i_5/CO[1]
                         net (fo=7, routed)           0.238     2.814    u_sorted_lists/x10_out
    SLICE_X51Y162        LUT4 (Prop_lut4_I0_O)        0.249     3.063 r  u_sorted_lists/ucode_upt_3_r[t][e][3][vld]_i_10/O
                         net (fo=5, routed)           0.596     3.659    u_sorted_lists/ucode_upt_3_r[t][e][3][vld]_i_10_n_0
    SLICE_X51Y162        LUT6 (Prop_lut6_I0_O)        0.097     3.756 f  u_sorted_lists/ucode_upt_3_r[t][e][3][key][63]_i_2/O
                         net (fo=64, routed)          0.668     4.424    u_sorted_lists/ucode_upt_3_r[t][e][3][key][63]_i_2_n_0
    SLICE_X54Y157        LUT6 (Prop_lut6_I4_O)        0.097     4.521 r  u_sorted_lists/ucode_upt_3_r[t][e][3][key][20]_i_1/O
                         net (fo=1, routed)           0.000     4.521    u_sorted_lists/ucode_upt_3_w[t][e][3][key][20]
    SLICE_X54Y157        FDRE                                         r  u_sorted_lists/ucode_upt_3_r_reg[t][e][3][key][20]/D
  -------------------------------------------------------------------    -------------------

                         (clock clk_generated_clk_wiz_1 rise edge)
                                                      5.882     5.882 r  
    W30                                               0.000     5.882 r  clk (IN)
                         net (fo=0)                   0.000     5.882    u_clk_gen/inst/clk
    W30                  IBUF (Prop_ibuf_I_O)         0.713     6.595 r  u_clk_gen/inst/clkin1_ibufg/O
                         net (fo=1, routed)           0.916     7.511    u_clk_gen/inst/clk_clk_wiz_1
    MMCME2_ADV_X0Y2      MMCME2_ADV (Prop_mmcme2_adv_CLKIN1_CLKOUT0)
                                                     -5.727     1.784 r  u_clk_gen/inst/mmcm_adv_inst/CLKOUT0
                         net (fo=1, routed)           1.337     3.121    u_clk_gen/inst/clk_generated_clk_wiz_1
    BUFGCTRL_X0Y0        BUFG (Prop_bufg_I_O)         0.072     3.193 r  u_clk_gen/inst/clkout1_buf/O
                         net (fo=2947, routed)        1.158     4.352    u_sorted_lists/clk_generated
    SLICE_X54Y157        FDRE                                         r  u_sorted_lists/ucode_upt_3_r_reg[t][e][3][key][20]/C
                         clock pessimism              0.406     4.758    
                         clock uncertainty           -0.113     4.644    
    SLICE_X54Y157        FDRE (Setup_fdre_C_D)        0.032     4.676    u_sorted_lists/ucode_upt_3_r_reg[t][e][3][key][20]
  -------------------------------------------------------------------
                         required time                          4.676    
                         arrival time                          -4.521    
  -------------------------------------------------------------------
                         slack                                  0.156    

